Flow report for SimpleCompArch
Fri Jan 13 16:58:29 2017
Quartus Prime Version 16.0.0 Build 211 04/27/2016 SJ Standard Edition


---------------------
; Table of Contents ;
---------------------
  1. Legal Notice
  2. Flow Summary
  3. Flow Settings
  4. Flow Non-Default Global Settings
  5. Flow Elapsed Time
  6. Flow OS Summary
  7. Flow Log
  8. Flow Messages
  9. Flow Suppressed Messages



----------------
; Legal Notice ;
----------------
Copyright (C) 1991-2016 Altera Corporation. All rights reserved.
Your use of Altera Corporation's design tools, logic functions 
and other software and tools, and its AMPP partner logic 
functions, and any output files from any of the foregoing 
(including device programming or simulation files), and any 
associated documentation or information are expressly subject 
to the terms and conditions of the Altera Program License 
Subscription Agreement, the Altera Quartus Prime License Agreement,
the Altera MegaCore Function License Agreement, or other 
applicable license agreement, including, without limitation, 
that your use is for the sole purpose of programming logic 
devices manufactured by Altera and sold by Altera or its 
authorized distributors.  Please refer to the applicable 
agreement for further details.



+--------------------------------------------------------------------------------------+
; Flow Summary                                                                         ;
+------------------------------------+-------------------------------------------------+
; Flow Status                        ; Successful - Fri Jan 13 16:58:29 2017           ;
; Quartus Prime Version              ; 16.0.0 Build 211 04/27/2016 SJ Standard Edition ;
; Revision Name                      ; SimpleCompArch                                  ;
; Top-level Entity Name              ; SimpleCompArch                                  ;
; Family                             ; Cyclone IV E                                    ;
; Device                             ; EP4CE115F29C7                                   ;
; Timing Models                      ; Final                                           ;
; Total logic elements               ; 7,875                                           ;
;     Total combinational functions  ; 3,661                                           ;
;     Dedicated logic registers      ; 4,463                                           ;
; Total registers                    ; 4463                                            ;
; Total pins                         ; 97                                              ;
; Total virtual pins                 ; 0                                               ;
; Total memory bits                  ; 0                                               ;
; Embedded Multiplier 9-bit elements ; 0                                               ;
; Total PLLs                         ; 0                                               ;
+------------------------------------+-------------------------------------------------+


+-----------------------------------------+
; Flow Settings                           ;
+-------------------+---------------------+
; Option            ; Setting             ;
+-------------------+---------------------+
; Start date & time ; 01/13/2017 16:57:12 ;
; Main task         ; Compilation         ;
; Revision Name     ; SimpleCompArch      ;
+-------------------+---------------------+


+---------------------------------------------------------------------------------------------------------------------------------------+
; Flow Non-Default Global Settings                                                                                                      ;
+------------------------------------------------+---------------------------------------+---------------+-------------+----------------+
; Assignment Name                                ; Value                                 ; Default Value ; Entity Name ; Section Id     ;
+------------------------------------------------+---------------------------------------+---------------+-------------+----------------+
; COMPILER_SIGNATURE_ID                          ; 206915881433447.148434103101484       ; --            ; --          ; --             ;
; EDA_GENERATE_FUNCTIONAL_NETLIST                ; On                                    ; --            ; --          ; eda_simulation ;
; EDA_NETLIST_WRITER_OUTPUT_DIR                  ; ./Simulation                          ; --            ; --          ; eda_simulation ;
; EDA_OUTPUT_DATA_FORMAT                         ; Vhdl                                  ; --            ; --          ; eda_simulation ;
; EDA_SIMULATION_TOOL                            ; ModelSim-Altera (VHDL)                ; <None>        ; --          ; --             ;
; EDA_USER_COMPILED_SIMULATION_LIBRARY_DIRECTORY ; .\Simulation                          ; --            ; --          ; eda_simulation ;
; FITTER_EFFORT                                  ; Fast Fit                              ; Auto Fit      ; --          ; --             ;
; MAX_CORE_JUNCTION_TEMP                         ; 85                                    ; --            ; --          ; --             ;
; MIN_CORE_JUNCTION_TEMP                         ; 0                                     ; --            ; --          ; --             ;
; NUM_PARALLEL_PROCESSORS                        ; All                                   ; --            ; --          ; --             ;
; OUTPUT_IO_TIMING_FAR_END_VMEAS                 ; Half Signal Swing                     ; --            ; --          ; --             ;
; OUTPUT_IO_TIMING_FAR_END_VMEAS                 ; Half Signal Swing                     ; --            ; --          ; --             ;
; OUTPUT_IO_TIMING_NEAR_END_VMEAS                ; Half Vccio                            ; --            ; --          ; --             ;
; OUTPUT_IO_TIMING_NEAR_END_VMEAS                ; Half Vccio                            ; --            ; --          ; --             ;
; PARTITION_COLOR                                ; 16764057                              ; --            ; --          ; Top            ;
; PARTITION_FITTER_PRESERVATION_LEVEL            ; PLACEMENT_AND_ROUTING                 ; --            ; --          ; Top            ;
; PARTITION_NETLIST_TYPE                         ; SOURCE                                ; --            ; --          ; Top            ;
; POWER_BOARD_THERMAL_MODEL                      ; None (CONSERVATIVE)                   ; --            ; --          ; --             ;
; POWER_PRESET_COOLING_SOLUTION                  ; 23 MM HEAT SINK WITH 200 LFPM AIRFLOW ; --            ; --          ; --             ;
; PROJECT_OUTPUT_DIRECTORY                       ; output_files                          ; --            ; --          ; --             ;
; SMART_RECOMPILE                                ; On                                    ; Off           ; --          ; --             ;
+------------------------------------------------+---------------------------------------+---------------+-------------+----------------+


+--------------------------------------------------------------------------------------------------------------------------+
; Flow Elapsed Time                                                                                                        ;
+----------------------+--------------+-------------------------+---------------------+------------------------------------+
; Module Name          ; Elapsed Time ; Average Processors Used ; Peak Virtual Memory ; Total CPU Time (on all processors) ;
+----------------------+--------------+-------------------------+---------------------+------------------------------------+
; Analysis & Synthesis ; 00:00:47     ; 1.0                     ; 945 MB              ; 00:01:13                           ;
; EDA Netlist Writer   ; 00:00:02     ; 1.0                     ; 725 MB              ; 00:00:01                           ;
; EDA Netlist Writer   ; 00:00:04     ; 1.0                     ; 738 MB              ; 00:00:03                           ;
; Total                ; 00:00:53     ; --                      ; --                  ; 00:01:17                           ;
+----------------------+--------------+-------------------------+---------------------+------------------------------------+


+-----------------------------------------------------------------------------------+
; Flow OS Summary                                                                   ;
+----------------------+------------------+-----------+------------+----------------+
; Module Name          ; Machine Hostname ; OS Name   ; OS Version ; Processor type ;
+----------------------+------------------+-----------+------------+----------------+
; Analysis & Synthesis ; FR-ECE-26480     ; Windows 7 ; 6.1        ; x86_64         ;
; EDA Netlist Writer   ; FR-ECE-26480     ; Windows 7 ; 6.1        ; x86_64         ;
; EDA Netlist Writer   ; FR-ECE-26480     ; Windows 7 ; 6.1        ; x86_64         ;
+----------------------+------------------+-----------+------------+----------------+


------------
; Flow Log ;
------------
quartus_map --read_settings_files=on --write_settings_files=off SimpleCompArch -c SimpleCompArch
quartus_eda --gen_testbench --tool=modelsim_oem --format=verilog --write_settings_files=off SimpleCompArch -c SimpleCompArch --vector_source=F:/ECG/Courses/ECE3242/Assignments/2016/SimpleCompArch2016/SimSimpleCompArch.vwf --testbench_file=F:/ECG/Courses/ECE3242/Assignments/2016/SimpleCompArch2016/simulation/qsim/SimSimpleCompArch.vwf.vt
quartus_eda --write_settings_files=off --functional=on --flatten_buses=off --simulation=on --tool=modelsim_oem --format=verilog --output_directory=F:/ECG/Courses/ECE3242/Assignments/2016/SimpleCompArch2016/simulation/qsim/ SimpleCompArch -c SimpleCompArch



